The system is: Linux - shell-init: error retrieving current directory: getcwd: cannot access parent directories: No such file or directory
3.10.0-957.el7.x86_64 - shell-init: error retrieving current directory: getcwd: cannot access parent directories: No such file or directory
x86_64
Determining if the C compiler works passed with the following output:
Change Dir: /da1/wangjiahua/CPlusPlus/demo/build/CMakeFiles/CMakeTmp

Run Build Command:"/usr/bin/gmake" "cmTC_642f9/fast"
/usr/bin/gmake -f CMakeFiles/cmTC_642f9.dir/build.make CMakeFiles/cmTC_642f9.dir/build
gmake[1]: Entering directory `/da1/wangjiahua/CPlusPlus/demo/build/CMakeFiles/CMakeTmp'
Building C object CMakeFiles/cmTC_642f9.dir/testCCompiler.c.o
/usr/local/bin/gcc    -o CMakeFiles/cmTC_642f9.dir/testCCompiler.c.o   -c /da1/wangjiahua/CPlusPlus/demo/build/CMakeFiles/CMakeTmp/testCCompiler.c
Linking C executable cmTC_642f9
/da1/wangjiahua/APP/cmake-3.13.5-Linux-x86_64/bin/cmake -E cmake_link_script CMakeFiles/cmTC_642f9.dir/link.txt --verbose=1
/usr/local/bin/gcc      CMakeFiles/cmTC_642f9.dir/testCCompiler.c.o  -o cmTC_642f9 
gmake[1]: Leaving directory `/da1/wangjiahua/CPlusPlus/demo/build/CMakeFiles/CMakeTmp'


Detecting C compiler ABI info compiled with the following output:
Change Dir: /da1/wangjiahua/CPlusPlus/demo/build/CMakeFiles/CMakeTmp

Run Build Command:"/usr/bin/gmake" "cmTC_8c5d7/fast"
/usr/bin/gmake -f CMakeFiles/cmTC_8c5d7.dir/build.make CMakeFiles/cmTC_8c5d7.dir/build
gmake[1]: Entering directory `/da1/wangjiahua/CPlusPlus/demo/build/CMakeFiles/CMakeTmp'
Building C object CMakeFiles/cmTC_8c5d7.dir/CMakeCCompilerABI.c.o
/usr/local/bin/gcc    -o CMakeFiles/cmTC_8c5d7.dir/CMakeCCompilerABI.c.o   -c /da1/wangjiahua/APP/cmake-3.13.5-Linux-x86_64/share/cmake-3.13/Modules/CMakeCCompilerABI.c
Linking C executable cmTC_8c5d7
/da1/wangjiahua/APP/cmake-3.13.5-Linux-x86_64/bin/cmake -E cmake_link_script CMakeFiles/cmTC_8c5d7.dir/link.txt --verbose=1
/usr/local/bin/gcc      CMakeFiles/cmTC_8c5d7.dir/CMakeCCompilerABI.c.o  -o cmTC_8c5d7 
gmake[1]: Leaving directory `/da1/wangjiahua/CPlusPlus/demo/build/CMakeFiles/CMakeTmp'


Determining if the CXX compiler works passed with the following output:
Change Dir: /da1/wangjiahua/CPlusPlus/demo/build/CMakeFiles/CMakeTmp

Run Build Command:"/usr/bin/gmake" "cmTC_fe5c2/fast"
/usr/bin/gmake -f CMakeFiles/cmTC_fe5c2.dir/build.make CMakeFiles/cmTC_fe5c2.dir/build
gmake[1]: Entering directory `/da1/wangjiahua/CPlusPlus/demo/build/CMakeFiles/CMakeTmp'
Building CXX object CMakeFiles/cmTC_fe5c2.dir/testCXXCompiler.cxx.o
/usr/local/bin/g++     -o CMakeFiles/cmTC_fe5c2.dir/testCXXCompiler.cxx.o -c /da1/wangjiahua/CPlusPlus/demo/build/CMakeFiles/CMakeTmp/testCXXCompiler.cxx
Linking CXX executable cmTC_fe5c2
/da1/wangjiahua/APP/cmake-3.13.5-Linux-x86_64/bin/cmake -E cmake_link_script CMakeFiles/cmTC_fe5c2.dir/link.txt --verbose=1
/usr/local/bin/g++       CMakeFiles/cmTC_fe5c2.dir/testCXXCompiler.cxx.o  -o cmTC_fe5c2 
gmake[1]: Leaving directory `/da1/wangjiahua/CPlusPlus/demo/build/CMakeFiles/CMakeTmp'


Detecting CXX compiler ABI info compiled with the following output:
Change Dir: /da1/wangjiahua/CPlusPlus/demo/build/CMakeFiles/CMakeTmp

Run Build Command:"/usr/bin/gmake" "cmTC_4bf77/fast"
/usr/bin/gmake -f CMakeFiles/cmTC_4bf77.dir/build.make CMakeFiles/cmTC_4bf77.dir/build
gmake[1]: Entering directory `/da1/wangjiahua/CPlusPlus/demo/build/CMakeFiles/CMakeTmp'
Building CXX object CMakeFiles/cmTC_4bf77.dir/CMakeCXXCompilerABI.cpp.o
/usr/local/bin/g++     -o CMakeFiles/cmTC_4bf77.dir/CMakeCXXCompilerABI.cpp.o -c /da1/wangjiahua/APP/cmake-3.13.5-Linux-x86_64/share/cmake-3.13/Modules/CMakeCXXCompilerABI.cpp
Linking CXX executable cmTC_4bf77
/da1/wangjiahua/APP/cmake-3.13.5-Linux-x86_64/bin/cmake -E cmake_link_script CMakeFiles/cmTC_4bf77.dir/link.txt --verbose=1
/usr/local/bin/g++       CMakeFiles/cmTC_4bf77.dir/CMakeCXXCompilerABI.cpp.o  -o cmTC_4bf77 
gmake[1]: Leaving directory `/da1/wangjiahua/CPlusPlus/demo/build/CMakeFiles/CMakeTmp'


